# JRE version: OpenJDK Runtime Environment (8.0-b10) (build 1.8.0-262-b10)
# Java VM: OpenJDK Server VM (25.71-b10 mixed mode windows-x86 )
Heap:
 PSYoungGen      total 10496K, used 905K [0x2e2c0000, 0x2ee40000, 0x3cc00000)
  eden space 10240K, 7% used [0x2e2c0000,0x2e3753b0,0x2ecc0000)
  from space 256K, 70% used [0x2ee00000,0x2ee2d150,0x2ee40000)
  to   space 256K, 0% used [0x2edc0000,0x2edc0000,0x2ee00000)
 ParOldGen       total 15104K, used 13734K [0x11000000, 0x11ec0000, 0x2e2c0000)
  object space 15104K, 90% used [0x11000000,0x11d69870,0x11ec0000)
 Metaspace       used 12379K, capacity 12572K, committed 12672K, reserved 12672K
GC Heap History (10 events):
Event: 6071.020 GC heap before
{Heap before GC invocations=7137 (full 57):
 PSYoungGen      total 10496K, used 10448K [0x2e2c0000, 0x2ee40000, 0x3cc00000)
  eden space 10240K, 100% used [0x2e2c0000,0x2ecc0000,0x2ecc0000)
  from space 256K, 81% used [0x2edc0000,0x2edf4000,0x2ee00000)
  to   space 256K, 0% used [0x2ee00000,0x2ee00000,0x2ee40000)
 ParOldGen       total 15104K, used 11320K [0x11000000, 0x11ec0000, 0x2e2c0000)
  object space 15104K, 74% used [0x11000000,0x11b0e0d0,0x11ec0000)
 Metaspace       used 12347K, capacity 12557K, committed 12672K, reserved 12672K
Event: 6071.021 GC heap after
Heap after GC invocations=7137 (full 57):
 PSYoungGen      total 10496K, used 208K [0x2e2c0000, 0x2ee40000, 0x3cc00000)
  eden space 10240K, 0% used [0x2e2c0000,0x2e2c0000,0x2ecc0000)
  from space 256K, 81% used [0x2ee00000,0x2ee34000,0x2ee40000)
  to   space 256K, 0% used [0x2edc0000,0x2edc0000,0x2ee00000)
 ParOldGen       total 15104K, used 11408K [0x11000000, 0x11ec0000, 0x2e2c0000)
  object space 15104K, 75% used [0x11000000,0x11b240d0,0x11ec0000)
 Metaspace       used 12347K, capacity 12557K, committed 12672K, reserved 12672K
}
Event: 6071.775 GC heap before
{Heap before GC invocations=7138 (full 57):
 PSYoungGen      total 10496K, used 10448K [0x2e2c0000, 0x2ee40000, 0x3cc00000)
  eden space 10240K, 100% used [0x2e2c0000,0x2ecc0000,0x2ecc0000)
  from space 256K, 81% used [0x2ee00000,0x2ee34000,0x2ee40000)
  to   space 256K, 0% used [0x2edc0000,0x2edc0000,0x2ee00000)
 ParOldGen       total 15104K, used 11408K [0x11000000, 0x11ec0000, 0x2e2c0000)
  object space 15104K, 75% used [0x11000000,0x11b240d0,0x11ec0000)
 Metaspace       used 12347K, capacity 12557K, committed 12672K, reserved 12672K
Event: 6071.776 GC heap after
Heap after GC invocations=7138 (full 57):
 PSYoungGen      total 10496K, used 224K [0x2e2c0000, 0x2ee40000, 0x3cc00000)
  eden space 10240K, 0% used [0x2e2c0000,0x2e2c0000,0x2ecc0000)
  from space 256K, 87% used [0x2edc0000,0x2edf8000,0x2ee00000)
  to   space 256K, 0% used [0x2ee00000,0x2ee00000,0x2ee40000)
 ParOldGen       total 15104K, used 11500K [0x11000000, 0x11ec0000, 0x2e2c0000)
  object space 15104K, 76% used [0x11000000,0x11b3b0d0,0x11ec0000)
 Metaspace       used 12347K, capacity 12557K, committed 12672K, reserved 12672K
}
Event: 6072.505 GC heap before
{Heap before GC invocations=7139 (full 57):
 PSYoungGen      total 10496K, used 10464K [0x2e2c0000, 0x2ee40000, 0x3cc00000)
  eden space 10240K, 100% used [0x2e2c0000,0x2ecc0000,0x2ecc0000)
  from space 256K, 87% used [0x2edc0000,0x2edf8000,0x2ee00000)
  to   space 256K, 0% used [0x2ee00000,0x2ee00000,0x2ee40000)
 ParOldGen       total 15104K, used 11500K [0x11000000, 0x11ec0000, 0x2e2c0000)
  object space 15104K, 76% used [0x11000000,0x11b3b0d0,0x11ec0000)
 Metaspace       used 12347K, capacity 12557K, committed 12672K, reserved 12672K
Event: 6072.508 GC heap after
Heap after GC invocations=7139 (full 57):
 PSYoungGen      total 10496K, used 192K [0x2e2c0000, 0x2ee40000, 0x3cc00000)
  eden space 10240K, 0% used [0x2e2c0000,0x2e2c0000,0x2ecc0000)
  from space 256K, 75% used [0x2ee00000,0x2ee30000,0x2ee40000)
  to   space 256K, 0% used [0x2edc0000,0x2edc0000,0x2ee00000)
 ParOldGen       total 15104K, used 11592K [0x11000000, 0x11ec0000, 0x2e2c0000)
  object space 15104K, 76% used [0x11000000,0x11b520d0,0x11ec0000)
 Metaspace       used 12347K, capacity 12557K, committed 12672K, reserved 12672K
}
Event: 7988.453 GC heap before
{Heap before GC invocations=7140 (full 57):
 PSYoungGen      total 10496K, used 10432K [0x2e2c0000, 0x2ee40000, 0x3cc00000)
  eden space 10240K, 100% used [0x2e2c0000,0x2ecc0000,0x2ecc0000)
  from space 256K, 75% used [0x2ee00000,0x2ee30000,0x2ee40000)
  to   space 256K, 0% used [0x2edc0000,0x2edc0000,0x2ee00000)
 ParOldGen       total 15104K, used 11592K [0x11000000, 0x11ec0000, 0x2e2c0000)
  object space 15104K, 76% used [0x11000000,0x11b520d0,0x11ec0000)
 Metaspace       used 12355K, capacity 12565K, committed 12672K, reserved 12672K
Event: 7988.456 GC heap after
Heap after GC invocations=7140 (full 57):
 PSYoungGen      total 10496K, used 244K [0x2e2c0000, 0x2ee40000, 0x3cc00000)
  eden space 10240K, 0% used [0x2e2c0000,0x2e2c0000,0x2ecc0000)
  from space 256K, 95% used [0x2edc0000,0x2edfd150,0x2ee00000)
  to   space 256K, 0% used [0x2ee00000,0x2ee00000,0x2ee40000)
 ParOldGen       total 15104K, used 13614K [0x11000000, 0x11ec0000, 0x2e2c0000)
  object space 15104K, 90% used [0x11000000,0x11d4ba20,0x11ec0000)
 Metaspace       used 12355K, capacity 12565K, committed 12672K, reserved 12672K
}
Event: 102150.801 GC heap before
{Heap before GC invocations=7141 (full 57):
 PSYoungGen      total 10496K, used 10484K [0x2e2c0000, 0x2ee40000, 0x3cc00000)
  eden space 10240K, 100% used [0x2e2c0000,0x2ecc0000,0x2ecc0000)
  from space 256K, 95% used [0x2edc0000,0x2edfd150,0x2ee00000)
  to   space 256K, 0% used [0x2ee00000,0x2ee00000,0x2ee40000)
 ParOldGen       total 15104K, used 13614K [0x11000000, 0x11ec0000, 0x2e2c0000)
  object space 15104K, 90% used [0x11000000,0x11d4ba20,0x11ec0000)
 Metaspace       used 12370K, capacity 12565K, committed 12672K, reserved 12672K
Event: 102150.848 GC heap after
Heap after GC invocations=7141 (full 57):
 PSYoungGen      total 10496K, used 180K [0x2e2c0000, 0x2ee40000, 0x3cc00000)
  eden space 10240K, 0% used [0x2e2c0000,0x2e2c0000,0x2ecc0000)
  from space 256K, 70% used [0x2ee00000,0x2ee2d150,0x2ee40000)
  to   space 256K, 0% used [0x2edc0000,0x2edc0000,0x2ee00000)
 ParOldGen       total 15104K, used 13734K [0x11000000, 0x11ec0000, 0x2e2c0000)
  object space 15104K, 90% used [0x11000000,0x11d69870,0x11ec0000)
 Metaspace       used 12370K, capacity 12565K, committed 12672K, reserved 12672K
}

