# JRE version: OpenJDK Runtime Environment (8.0-b10) (build 1.8.0-262-b10)
# Java VM: OpenJDK Server VM (25.71-b10 mixed mode windows-x86 )
Heap:
 PSYoungGen      total 11264K, used 1811K [0x2e4c0000, 0x2f040000, 0x3ce00000)
  eden space 11008K, 15% used [0x2e4c0000,0x2e668db0,0x2ef80000)
  from space 256K, 43% used [0x2efc0000,0x2efdc000,0x2f000000)
  to   space 256K, 0% used [0x2f000000,0x2f000000,0x2f040000)
 ParOldGen       total 34304K, used 22451K [0x11200000, 0x13380000, 0x2e4c0000)
  object space 34304K, 65% used [0x11200000,0x127ecfe0,0x13380000)
 Metaspace       used 9337K, capacity 9535K, committed 9728K, reserved 10624K
GC Heap History (10 events):
Event: 10687.089 GC heap before
{Heap before GC invocations=1969 (full 0):
 PSYoungGen      total 11264K, used 11136K [0x2e4c0000, 0x2f040000, 0x3ce00000)
  eden space 11008K, 100% used [0x2e4c0000,0x2ef80000,0x2ef80000)
  from space 256K, 50% used [0x2f000000,0x2f020000,0x2f040000)
  to   space 256K, 0% used [0x2efc0000,0x2efc0000,0x2f000000)
 ParOldGen       total 34304K, used 22411K [0x11200000, 0x13380000, 0x2e4c0000)
  object space 34304K, 65% used [0x11200000,0x127e2fe0,0x13380000)
 Metaspace       used 9326K, capacity 9528K, committed 9600K, reserved 9600K
Event: 10687.089 GC heap after
Heap after GC invocations=1969 (full 0):
 PSYoungGen      total 11264K, used 128K [0x2e4c0000, 0x2f040000, 0x3ce00000)
  eden space 11008K, 0% used [0x2e4c0000,0x2e4c0000,0x2ef80000)
  from space 256K, 50% used [0x2efc0000,0x2efe0000,0x2f000000)
  to   space 256K, 0% used [0x2f000000,0x2f000000,0x2f040000)
 ParOldGen       total 34304K, used 22427K [0x11200000, 0x13380000, 0x2e4c0000)
  object space 34304K, 65% used [0x11200000,0x127e6fe0,0x13380000)
 Metaspace       used 9326K, capacity 9528K, committed 9600K, reserved 9600K
}
Event: 10689.353 GC heap before
{Heap before GC invocations=1970 (full 0):
 PSYoungGen      total 11264K, used 11136K [0x2e4c0000, 0x2f040000, 0x3ce00000)
  eden space 11008K, 100% used [0x2e4c0000,0x2ef80000,0x2ef80000)
  from space 256K, 50% used [0x2efc0000,0x2efe0000,0x2f000000)
  to   space 256K, 0% used [0x2f000000,0x2f000000,0x2f040000)
 ParOldGen       total 34304K, used 22427K [0x11200000, 0x13380000, 0x2e4c0000)
  object space 34304K, 65% used [0x11200000,0x127e6fe0,0x13380000)
 Metaspace       used 9326K, capacity 9528K, committed 9600K, reserved 9600K
Event: 10689.356 GC heap after
Heap after GC invocations=1970 (full 0):
 PSYoungGen      total 11264K, used 112K [0x2e4c0000, 0x2f040000, 0x3ce00000)
  eden space 11008K, 0% used [0x2e4c0000,0x2e4c0000,0x2ef80000)
  from space 256K, 43% used [0x2f000000,0x2f01c000,0x2f040000)
  to   space 256K, 0% used [0x2efc0000,0x2efc0000,0x2f000000)
 ParOldGen       total 34304K, used 22431K [0x11200000, 0x13380000, 0x2e4c0000)
  object space 34304K, 65% used [0x11200000,0x127e7fe0,0x13380000)
 Metaspace       used 9326K, capacity 9528K, committed 9600K, reserved 9600K
}
Event: 10691.621 GC heap before
{Heap before GC invocations=1971 (full 0):
 PSYoungGen      total 11264K, used 11120K [0x2e4c0000, 0x2f040000, 0x3ce00000)
  eden space 11008K, 100% used [0x2e4c0000,0x2ef80000,0x2ef80000)
  from space 256K, 43% used [0x2f000000,0x2f01c000,0x2f040000)
  to   space 256K, 0% used [0x2efc0000,0x2efc0000,0x2f000000)
 ParOldGen       total 34304K, used 22431K [0x11200000, 0x13380000, 0x2e4c0000)
  object space 34304K, 65% used [0x11200000,0x127e7fe0,0x13380000)
 Metaspace       used 9326K, capacity 9528K, committed 9600K, reserved 9600K
Event: 10691.624 GC heap after
Heap after GC invocations=1971 (full 0):
 PSYoungGen      total 11264K, used 128K [0x2e4c0000, 0x2f040000, 0x3ce00000)
  eden space 11008K, 0% used [0x2e4c0000,0x2e4c0000,0x2ef80000)
  from space 256K, 50% used [0x2efc0000,0x2efe0000,0x2f000000)
  to   space 256K, 0% used [0x2f000000,0x2f000000,0x2f040000)
 ParOldGen       total 34304K, used 22439K [0x11200000, 0x13380000, 0x2e4c0000)
  object space 34304K, 65% used [0x11200000,0x127e9fe0,0x13380000)
 Metaspace       used 9326K, capacity 9528K, committed 9600K, reserved 9600K
}
Event: 10693.843 GC heap before
{Heap before GC invocations=1972 (full 0):
 PSYoungGen      total 11264K, used 11136K [0x2e4c0000, 0x2f040000, 0x3ce00000)
  eden space 11008K, 100% used [0x2e4c0000,0x2ef80000,0x2ef80000)
  from space 256K, 50% used [0x2efc0000,0x2efe0000,0x2f000000)
  to   space 256K, 0% used [0x2f000000,0x2f000000,0x2f040000)
 ParOldGen       total 34304K, used 22439K [0x11200000, 0x13380000, 0x2e4c0000)
  object space 34304K, 65% used [0x11200000,0x127e9fe0,0x13380000)
 Metaspace       used 9326K, capacity 9528K, committed 9600K, reserved 9600K
Event: 10693.854 GC heap after
Heap after GC invocations=1972 (full 0):
 PSYoungGen      total 11264K, used 112K [0x2e4c0000, 0x2f040000, 0x3ce00000)
  eden space 11008K, 0% used [0x2e4c0000,0x2e4c0000,0x2ef80000)
  from space 256K, 43% used [0x2f000000,0x2f01c000,0x2f040000)
  to   space 256K, 0% used [0x2efc0000,0x2efc0000,0x2f000000)
 ParOldGen       total 34304K, used 22443K [0x11200000, 0x13380000, 0x2e4c0000)
  object space 34304K, 65% used [0x11200000,0x127eafe0,0x13380000)
 Metaspace       used 9326K, capacity 9528K, committed 9600K, reserved 9600K
}
Event: 10696.086 GC heap before
{Heap before GC invocations=1973 (full 0):
 PSYoungGen      total 11264K, used 11120K [0x2e4c0000, 0x2f040000, 0x3ce00000)
  eden space 11008K, 100% used [0x2e4c0000,0x2ef80000,0x2ef80000)
  from space 256K, 43% used [0x2f000000,0x2f01c000,0x2f040000)
  to   space 256K, 0% used [0x2efc0000,0x2efc0000,0x2f000000)
 ParOldGen       total 34304K, used 22443K [0x11200000, 0x13380000, 0x2e4c0000)
  object space 34304K, 65% used [0x11200000,0x127eafe0,0x13380000)
 Metaspace       used 9326K, capacity 9528K, committed 9600K, reserved 9600K
Event: 10696.090 GC heap after
Heap after GC invocations=1973 (full 0):
 PSYoungGen      total 11264K, used 112K [0x2e4c0000, 0x2f040000, 0x3ce00000)
  eden space 11008K, 0% used [0x2e4c0000,0x2e4c0000,0x2ef80000)
  from space 256K, 43% used [0x2efc0000,0x2efdc000,0x2f000000)
  to   space 256K, 0% used [0x2f000000,0x2f000000,0x2f040000)
 ParOldGen       total 34304K, used 22451K [0x11200000, 0x13380000, 0x2e4c0000)
  object space 34304K, 65% used [0x11200000,0x127ecfe0,0x13380000)
 Metaspace       used 9326K, capacity 9528K, committed 9600K, reserved 9600K
}

